This is e-TeX, Version 3.14159-2.1 (Web2C 7.4.5) (format=latex 2005.7.14)  18 JUL 2005 13:23
entering extended mode
**./images.tex
(./images.tex
LaTeX2e <2001/06/01>
Babel <v3.7h> and hyphenation patterns for american, french, german, ngerman, b
ahasa, basque, catalan, croatian, czech, danish, dutch, finnish, greek, iceland
ic, irish, italian, latin, magyar, norsk, norsk, portuges, romanian, russian, s
lovak, slovene, spanish, swedish, turkish, ukrainian, nohyphenation, loaded.

(/usr/share/texmf/tex/latex/base/article.cls
Document Class: article 2001/04/21 v1.4e Standard LaTeX document class
(/usr/share/texmf/tex/latex/base/size10.clo
File: size10.clo 2001/04/21 v1.4e Standard LaTeX file (size option)
)
\c@part=\count79
\c@section=\count80
\c@subsection=\count81
\c@subsubsection=\count82
\c@paragraph=\count83
\c@subparagraph=\count84
\c@figure=\count85
\c@table=\count86
\abovecaptionskip=\skip41
\belowcaptionskip=\skip42
\bibindent=\dimen102
) (/usr/share/texmf/tex/latex/base/ifthen.sty
Package: ifthen 2001/05/26 v1.1c Standard LaTeX ifthen package (DPC)
) (/usr/share/texmf/tex/latex/graphics/graphicx.sty
Package: graphicx 1999/02/16 v1.0f Enhanced LaTeX Graphics (DPC,SPQR)
(/usr/share/texmf/tex/latex/graphics/keyval.sty
Package: keyval 1999/03/16 v1.13 key=value parser (DPC)
\KV@toks@=\toks14
) (/usr/share/texmf/tex/latex/graphics/graphics.sty
Package: graphics 2001/07/07 v1.0n Standard LaTeX Graphics (DPC,SPQR)
(/usr/share/texmf/tex/latex/graphics/trig.sty
Package: trig 1999/03/16 v1.09 sin cos tan (DPC)
) (/usr/share/texmf/tex/latex/config/graphics.cfg
File: graphics.cfg 2001/08/31 v1.1 graphics configuration of teTeX/TeXLive
)
Package graphics Info: Driver file: pdftex.def on input line 80.
(/usr/share/texmf/tex/latex/graphics/pdftex.def
File: pdftex.def 2002/06/19 v0.03k graphics/color for pdftex
\Gread@gobject=\count87

Package graphics Warning: pdftex option does not work with standard TeX.

))
\Gin@req@height=\dimen103
\Gin@req@width=\dimen104
) (/usr/share/texmf/tex/latex/listings/listings.sty
Package: listings 2004/02/13 1.2 (Carsten Heinz)
\lst@mode=\count88
\lst@gtempboxa=\box26
\lst@token=\toks15
\lst@length=\count89
\lst@currlwidth=\dimen105
\lst@column=\count90
\lst@pos=\count91
\lst@lostspace=\dimen106
\lst@width=\dimen107
\lst@newlines=\count92
\lst@lineno=\count93
\c@lstlisting=\count94
\lst@maxwidth=\dimen108
(/usr/share/texmf/tex/latex/listings/lstpatch.sty
File: lstpatch.sty 2004/02/18 1.2b (Carsten Heinz)
) (/usr/share/texmf/tex/latex/listings/lstmisc.sty
File: lstmisc.sty 2004/02/13 1.2 (Carsten Heinz)
\c@lstnumber=\count95
\lst@skipnumbers=\count96
\lst@framebox=\box27
) (/usr/share/texmf/tex/latex/config/listings.cfg
File: listings.cfg 2004/02/13 1.2 listings configuration
)) (/usr/share/texmf/tex/latex/listings/lstlang1.sty
File: lstlang1.sty 2004/02/13 1.2 listings language file
) (/usr/share/texmf/tex/latex/listings/lstlang2.sty
File: lstlang2.sty 2004/02/13 1.2 listings language file
) (/usr/share/texmf/tex/latex/graphics/color.sty
Package: color 1999/02/16 v1.0i Standard LaTeX Color (DPC)
(/usr/share/texmf/tex/latex/config/color.cfg
File: color.cfg 2001/08/31 v1.1 color configuration of teTeX/TeXLive
)
Package color Info: Driver file: dvips.def on input line 125.
(/usr/share/texmf/tex/latex/graphics/dvips.def
File: dvips.def 1999/02/16 v3.0i Driver-dependant file (DPC,SPQR)
) (/usr/share/texmf/tex/latex/graphics/dvipsnam.def
File: dvipsnam.def 1999/02/16 v3.0i Driver-dependant file (DPC,SPQR)
)) (/usr/share/texmf/tex/latex/base/inputenc.sty
Package: inputenc 2001/07/10 v0.99a Input encoding file 
)
\sizebox=\box28
\lthtmlwrite=\write3
(./images.aux)
\openout1 = `images.aux'.

LaTeX Font Info:    Checking defaults for OML/cmm/m/it on input line 118.
LaTeX Font Info:    ... okay on input line 118.
LaTeX Font Info:    Checking defaults for T1/cmr/m/n on input line 118.
LaTeX Font Info:    ... okay on input line 118.
LaTeX Font Info:    Checking defaults for OT1/cmr/m/n on input line 118.
LaTeX Font Info:    ... okay on input line 118.
LaTeX Font Info:    Checking defaults for OMS/cmsy/m/n on input line 118.
LaTeX Font Info:    ... okay on input line 118.
LaTeX Font Info:    Checking defaults for OMX/cmex/m/n on input line 118.
LaTeX Font Info:    ... okay on input line 118.
LaTeX Font Info:    Checking defaults for U/cmr/m/n on input line 118.
LaTeX Font Info:    ... okay on input line 118.
(/usr/share/texmf/tex/context/base/supp-pdf.tex (/usr/share/texmf/tex/context/b
ase/supp-mis.tex
loading : Context Support Macros / Missing
\protectiondepth=\count97
\scratchcounter=\count98
\scratchtoks=\toks16
\scratchdimen=\dimen109
\scratchskip=\skip43
\scratchmuskip=\muskip10
\scratchbox=\box29
\scratchread=\read1
\scratchwrite=\write4
\zeropoint=\dimen110
\minusone=\count99
\thousandpoint=\dimen111
\emptytoks=\toks17
\nextbox=\box30
\nextdepth=\dimen112
\everyline=\toks18
\!!counta=\count100
\!!countb=\count101
\recursecounter=\count102
)
loading : Context Support Macros / PDF
systems : Why not use pdf(e)TeX binaries?
)

latex2htmlLength hsize=349.0pt

latex2htmlLength vsize=682.0pt

latex2htmlLength hoffset=0.0pt

latex2htmlLength voffset=0.0pt

latex2htmlLength topmargin=0.0pt

latex2htmlLength topskip=0.00003pt

latex2htmlLength headheight=0.0pt

latex2htmlLength headsep=0.0pt

latex2htmlLength parskip=0.0pt plus 1.0pt

latex2htmlLength oddsidemargin=53.0pt

latex2htmlLength evensidemargin=53.0pt

LaTeX Font Info:    External font `cmex10' loaded for size
(Font)              <7> on input line 144.
LaTeX Font Info:    External font `cmex10' loaded for size
(Font)              <5> on input line 144.
l2hSize :tex2html_wrap_inline34:6.95831pt::6.95831pt::8.27783pt.
[1



]
l2hSize :tex2html_wrap_inline36:6.95831pt::6.95831pt::8.27783pt.
[2


] (./images.aux) ) 
Here is how much of TeX's memory you used:
 2241 strings out of 95370
 30820 string characters out of 1188185
 103567 words of memory out of 1000001
 5318 multiletter control sequences out of 10000+50000
 3640 words of font info for 14 fonts, out of 500000 for 1000
 198 hyphenation exceptions out of 1000
 26i,5n,46p,207b,213s stack positions out of 1500i,500n,5000p,200000b,5000s

Output written on images.dvi (2 pages, 552 bytes).
